[__main__     INFO    ] 2018-01-10 15:24:56,878 - Finish Setting
[__main__     INFO    ] 2018-01-10 15:24:57,492 - Finish Setting
[__main__     INFO    ] 2018-01-10 15:27:27,841 - Finish Setting
[__main__     INFO    ] 2018-01-10 15:27:28,472 - Finish Setting
[__main__     INFO    ] 2018-01-10 15:28:16,293 - Finish Setting
[__main__     INFO    ] 2018-01-10 15:28:26,595 - Finish Setting
[__main__     INFO    ] 2018-01-10 15:28:27,217 - Finish Setting
[__main__     INFO    ] 2018-01-10 15:36:21,860 - Finish Setting
[__main__     INFO    ] 2018-01-10 15:36:23,170 - test
[__main__     INFO    ] 2018-01-10 15:38:01,484 - Finish Setting
[__main__     INFO    ] 2018-01-10 15:43:13,717 - get_all_requests
[__main__     INFO    ] 2018-01-10 15:43:14,127 - get_all_requests
[__main__     INFO    ] 2018-01-10 15:43:32,227 - add_request
[__main__     INFO    ] 2018-01-10 15:43:32,837 - get_all_requests
[__main__     INFO    ] 2018-01-10 15:44:26,034 - remove_request
[__main__     INFO    ] 2018-01-10 15:44:26,101 - get_all_requests
[__main__     INFO    ] 2018-01-10 15:44:38,426 - add_request
[__main__     INFO    ] 2018-01-10 15:44:38,492 - get_all_requests
[__main__     INFO    ] 2018-01-10 15:48:07,704 - get_all_documents20180110074438427034-¹ù¬Õ¼ü
[__main__     INFO    ] 2018-01-10 15:48:12,137 - get_all_documents20180110074438427034-¹ù¬Õ¼ü
[__main__     INFO    ] 2018-01-10 15:48:14,075 - get_all_documents20180110074438427034-¹ù¬Õ¼ü
[__main__     INFO    ] 2018-01-10 15:48:16,608 - get_all_documents20180110074438427034-¹ù¬Õ¼ü
[__main__     INFO    ] 2018-01-10 15:48:17,775 - get_all_documents20180110074438427034-¹ù¬Õ¼ü
[__main__     INFO    ] 2018-01-10 15:48:19,161 - get_all_documents20180110074438427034-¹ù¬Õ¼ü
[__main__     INFO    ] 2018-01-10 15:48:20,433 - get_all_documents20180110074438427034-¹ù¬Õ¼ü
[__main__     INFO    ] 2018-01-10 15:48:21,634 - get_all_documents20180110074438427034-¹ù¬Õ¼ü
[__main__     INFO    ] 2018-01-10 15:48:24,856 - get_all_documents20180110074438427034-¹ù¬Õ¼ü
[__main__     INFO    ] 2018-01-10 15:48:30,022 - get_all_documents20180110074438427034-¹ù¬Õ¼ü
[__main__     INFO    ] 2018-01-10 15:48:38,250 - get_all_documents20180110074438427034-¹ù¬Õ¼ü
[__main__     INFO    ] 2018-01-10 15:48:39,105 - get_all_documents20180110074438427034-¹ù¬Õ¼ü
[__main__     INFO    ] 2018-01-10 15:49:10,815 - get_all_documents20180110074438427034-¹ù¬Õ¼ü
[__main__     INFO    ] 2018-01-10 15:49:17,288 - get_all_documents20180110074438427034-¹ù¬Õ¼ü
[__main__     INFO    ] 2018-01-10 15:49:19,648 - get_all_documents20180110074438427034-¹ù¬Õ¼ü
[__main__     INFO    ] 2018-01-10 15:49:20,685 - get_all_documents20180110074438427034-¹ù¬Õ¼ü
[__main__     INFO    ] 2018-01-10 15:49:21,921 - get_all_documents20180110074438427034-¹ù¬Õ¼ü
[__main__     INFO    ] 2018-01-10 15:49:22,205 - get_all_documents20180110074438427034-¹ù¬Õ¼ü
[__main__     INFO    ] 2018-01-10 15:49:22,954 - get_all_documents20180110074438427034-¹ù¬Õ¼ü
[__main__     INFO    ] 2018-01-10 15:49:23,218 - get_all_documents20180110074438427034-¹ù¬Õ¼ü
[__main__     INFO    ] 2018-01-10 15:49:23,593 - get_all_documents20180110074438427034-¹ù¬Õ¼ü
[__main__     INFO    ] 2018-01-10 15:49:24,595 - get_all_documents20180110074438427034-¹ù¬Õ¼ü
[__main__     INFO    ] 2018-01-10 15:49:24,846 - get_all_documents20180110074438427034-¹ù¬Õ¼ü
[__main__     INFO    ] 2018-01-10 15:50:31,174 - Finish Setting
[__main__     INFO    ] 2018-01-10 15:50:36,055 - get_all_documents20180110074438427034-¹ù¬Õ¼ü
[__main__     INFO    ] 2018-01-10 15:50:38,188 - get_all_documents20180110074438427034-¹ù¬Õ¼ü
[__main__     INFO    ] 2018-01-10 15:50:56,585 - Finish Setting
[__main__     INFO    ] 2018-01-10 15:51:00,096 - get_all_documents20180110074438427034-¹ù¬Õ¼ü
[__main__     INFO    ] 2018-01-10 15:51:05,969 - get_all_documents20180110074438427034-¹ù¬Õ¼ü
[__main__     INFO    ] 2018-01-10 15:51:41,832 - get_all_documents20180110074438427034-¹ù¬Õ¼ü
[__main__     INFO    ] 2018-01-10 15:51:43,962 - get_all_documents20180110074438427034-¹ù¬Õ¼ü
[__main__     INFO    ] 2018-01-10 15:51:45,455 - get_all_documents20180110074438427034-¹ù¬Õ¼ü
[__main__     INFO    ] 2018-01-10 15:51:45,766 - get_all_documents20180110074438427034-¹ù¬Õ¼ü
[__main__     INFO    ] 2018-01-10 15:51:55,294 - get_all_requests
[__main__     INFO    ] 2018-01-10 15:52:03,687 - remove_request
[__main__     INFO    ] 2018-01-10 15:52:03,938 - get_all_requests
[__main__     INFO    ] 2018-01-10 15:59:49,136 - add_request
[__main__     INFO    ] 2018-01-10 15:59:49,215 - get_all_requests
